[16:34:49] === Row 9: crate  a2f572fc -> c0d5e58e  [TYPE-I] ===
[16:34:49]   Resolving parent of backport commit c0d5e58e...
[16:34:49]   Backport parent (target ref): f098b9c95f6de9f771831894f38065c9af777029
[16:34:49]   Extracting new-version patch for a2f572fc...
[16:34:49]   New-version patch size: 10973 chars
[16:34:49]   Checking out backport parent f098b9c9...
[16:34:49]   ERROR: Could not checkout backport parent f098b9c95f6de9f771831894f38065c9af777029: error: Your local changes to the following files would be overwritten by checkout:
	docs/appendices/release-notes/5.5.3.rst
	server/src/main/java/io/crate/expression/tablefunctions/UnnestFunction.java
	server/src/test/java/io/crate/analyze/SelectStatementAnalyzerTest.java
	server/src/test/java/io/crate/integrationtests/TransportSQLActionSingleNodeTest.java
Please commit your changes or stash them before you switch branches.
Aborting
[16:41:05] === Row 1: crate  a2f572fc -> c0d5e58e  [TYPE-I] ===
[16:41:05]   Resolving parent of backport commit c0d5e58e...
[16:41:05]   Backport parent (target ref): f098b9c95f6de9f771831894f38065c9af777029
[16:41:05]   Extracting new-version patch for a2f572fc...
[16:41:06]   New-version patch size: 10973 chars
[16:41:06]   Checking out backport parent f098b9c9...
[16:41:21]   Invoking OpenCode CLI (14828 chars)...
[16:41:21]   Streaming OpenCode CLI output...
