[11:26:11] === Row 2: crate  4fd6e419 -> 22e065f5  [TYPE-II] ===
[11:26:11]   Resolving parent of backport commit 22e065f5...
[11:26:11]   Backport parent (target ref): 8490c1fa71c85fb8543de759a426508bc5744db7
[11:26:11]   Extracting new-version patch for 4fd6e419...
[11:26:11]   New-version patch size: 10960 chars
[11:26:11]   Checking out backport parent 8490c1fa...
[11:26:12]   Invoking OpenCode CLI (14645 chars)...
[11:26:12]   Streaming OpenCode CLI output...
[12:53:11] === Row 28: crate  4fd6e419 -> 22e065f5  [TYPE-II] ===
[12:53:11]   Resolving parent of backport commit 22e065f5...
[12:53:11]   Backport parent (target ref): 8490c1fa71c85fb8543de759a426508bc5744db7
[12:53:11]   Extracting new-version patch for 4fd6e419...
[12:53:11]   New-version patch size: 10960 chars
[12:53:11]   Checking out backport parent 8490c1fa...
[12:53:11]   ERROR: Could not checkout backport parent 8490c1fa71c85fb8543de759a426508bc5744db7: error: Your local changes to the following files would be overwritten by checkout:
	docs/appendices/release-notes/5.5.3.rst
	server/src/main/java/io/crate/expression/tablefunctions/UnnestFunction.java
	server/src/test/java/io/crate/analyze/SelectStatementAnalyzerTest.java
	server/src/test/java/io/crate/integrationtests/TransportSQLActionSingleNodeTest.java
Please commit your changes or stash them before you switch branches.
Aborting
