[08:26:18] === Row 6: crate  c1dc582b -> 92b11f52  [TYPE-II] ===
[08:26:18]   Resolving parent of backport commit 92b11f52...
[08:26:18]   Backport parent (target ref): 75578b7d8f5340c9e8cdb3023aa9bb1bea58fc67
[08:26:18]   Extracting new-version patch for c1dc582b...
[08:26:18]   New-version patch size: 9612 chars
[08:26:18]   Checking out backport parent 75578b7d...
[08:26:22]   Invoking OpenCode CLI (13701 chars)...
[08:26:22]   Streaming OpenCode CLI output...
[12:53:13] === Row 30: crate  c1dc582b -> 92b11f52  [TYPE-II] ===
[12:53:13]   Resolving parent of backport commit 92b11f52...
[12:53:13]   Backport parent (target ref): 75578b7d8f5340c9e8cdb3023aa9bb1bea58fc67
[12:53:13]   Extracting new-version patch for c1dc582b...
[12:53:13]   New-version patch size: 9612 chars
[12:53:13]   Checking out backport parent 75578b7d...
[12:53:13]   ERROR: Could not checkout backport parent 75578b7d8f5340c9e8cdb3023aa9bb1bea58fc67: error: Your local changes to the following files would be overwritten by checkout:
	docs/appendices/release-notes/5.5.3.rst
	server/src/main/java/io/crate/expression/tablefunctions/UnnestFunction.java
	server/src/test/java/io/crate/analyze/SelectStatementAnalyzerTest.java
	server/src/test/java/io/crate/integrationtests/TransportSQLActionSingleNodeTest.java
Please commit your changes or stash them before you switch branches.
Aborting
