[04:31:10] === Row 43: crate  92127e65 -> cd575486  [TYPE-II] ===
[04:31:10]   Resolving parent of backport commit cd575486...
[04:31:10]   Backport parent (target ref): 5f5c3ba8dfe2040d002d29ee764dd58bc2061686
[04:31:10]   Extracting new-version patch for 92127e65...
[04:31:10]   New-version patch size: 19443 chars
[04:31:10]   Checking out backport parent 5f5c3ba8...
[04:31:10]   Invoking OpenCode CLI (23472 chars)...
[04:31:10]   Streaming OpenCode CLI output...
[12:53:12] === Row 29: crate  92127e65 -> cd575486  [TYPE-II] ===
[12:53:12]   Resolving parent of backport commit cd575486...
[12:53:12]   Backport parent (target ref): 5f5c3ba8dfe2040d002d29ee764dd58bc2061686
[12:53:12]   Extracting new-version patch for 92127e65...
[12:53:12]   New-version patch size: 19443 chars
[12:53:12]   Checking out backport parent 5f5c3ba8...
[12:53:12]   ERROR: Could not checkout backport parent 5f5c3ba8dfe2040d002d29ee764dd58bc2061686: error: Your local changes to the following files would be overwritten by checkout:
	docs/appendices/release-notes/5.5.3.rst
	server/src/main/java/io/crate/expression/tablefunctions/UnnestFunction.java
	server/src/test/java/io/crate/analyze/SelectStatementAnalyzerTest.java
	server/src/test/java/io/crate/integrationtests/TransportSQLActionSingleNodeTest.java
Please commit your changes or stash them before you switch branches.
Aborting
