[16:34:41] === Row 1: crate  897cc065 -> a735d95e  [TYPE-I] ===
[16:34:41]   Resolving parent of backport commit a735d95e...
[16:34:42]   Backport parent (target ref): c9fa90fd27734314a6fd47b4a7fddbebf490a690
[16:34:42]   Extracting new-version patch for 897cc065...
[16:34:42]   New-version patch size: 6425 chars
[16:34:42]   Checking out backport parent c9fa90fd...
[16:34:42]   ERROR: Could not checkout backport parent c9fa90fd27734314a6fd47b4a7fddbebf490a690: error: Your local changes to the following files would be overwritten by checkout:
	docs/appendices/release-notes/5.5.3.rst
	server/src/main/java/io/crate/expression/tablefunctions/UnnestFunction.java
	server/src/test/java/io/crate/analyze/SelectStatementAnalyzerTest.java
	server/src/test/java/io/crate/integrationtests/TransportSQLActionSingleNodeTest.java
Please commit your changes or stash them before you switch branches.
Aborting
[16:47:54] === Row 1: crate  897cc065 -> a735d95e  [TYPE-I] ===
[16:47:54]   Resolving parent of backport commit a735d95e...
[16:47:54]   Backport parent (target ref): c9fa90fd27734314a6fd47b4a7fddbebf490a690
[16:47:54]   Extracting new-version patch for 897cc065...
[16:47:55]   New-version patch size: 6425 chars
[16:47:55]   Checking out backport parent c9fa90fd...
[16:47:57]   Invoking OpenCode CLI (10280 chars)...
[16:47:57]   Streaming OpenCode CLI output...
