[11:34:15] === Row 3: crate  0eb245b8 -> 55aaacf8  [TYPE-II] ===
[11:34:15]   Resolving parent of backport commit 55aaacf8...
[11:34:15]   Backport parent (target ref): 7af74117dd8cca8210519cbb2b9b27b57d3ad96c
[11:34:15]   Extracting new-version patch for 0eb245b8...
[11:34:15]   New-version patch size: 5275 chars
[11:34:15]   Checking out backport parent 7af74117...
[11:34:15]   Invoking OpenCode CLI (9131 chars)...
[11:34:15]   Streaming OpenCode CLI output...
[12:53:08] === Row 26: crate  0eb245b8 -> 55aaacf8  [TYPE-II] ===
[12:53:08]   Resolving parent of backport commit 55aaacf8...
[12:53:09]   Backport parent (target ref): 7af74117dd8cca8210519cbb2b9b27b57d3ad96c
[12:53:09]   Extracting new-version patch for 0eb245b8...
[12:53:09]   New-version patch size: 5275 chars
[12:53:09]   Checking out backport parent 7af74117...
[12:53:09]   ERROR: Could not checkout backport parent 7af74117dd8cca8210519cbb2b9b27b57d3ad96c: error: Your local changes to the following files would be overwritten by checkout:
	docs/appendices/release-notes/5.5.3.rst
	server/src/main/java/io/crate/expression/tablefunctions/UnnestFunction.java
	server/src/test/java/io/crate/analyze/SelectStatementAnalyzerTest.java
	server/src/test/java/io/crate/integrationtests/TransportSQLActionSingleNodeTest.java
Please commit your changes or stash them before you switch branches.
Aborting
